Determining if the pthread_create exist failed with the following output:
Change Dir: /home/workspace/project/LidarClustering/build/CMakeFiles/CMakeTmp

Run Build Command:"/usr/bin/make" "cmTC_5d2fb/fast"
/usr/bin/make -f CMakeFiles/cmTC_5d2fb.dir/build.make CMakeFiles/cmTC_5d2fb.dir/build
make[1]: Entering directory '/home/workspace/project/LidarClustering/build/CMakeFiles/CMakeTmp'
Building C object CMakeFiles/cmTC_5d2fb.dir/CheckSymbolExists.c.o
/usr/bin/cc    -o CMakeFiles/cmTC_5d2fb.dir/CheckSymbolExists.c.o   -c /home/workspace/project/LidarClustering/build/CMakeFiles/CMakeTmp/CheckSymbolExists.c
Linking C executable cmTC_5d2fb
/usr/local/bin/cmake -E cmake_link_script CMakeFiles/cmTC_5d2fb.dir/link.txt --verbose=1
/usr/bin/cc      -rdynamic CMakeFiles/cmTC_5d2fb.dir/CheckSymbolExists.c.o  -o cmTC_5d2fb 
CMakeFiles/cmTC_5d2fb.dir/CheckSymbolExists.c.o: In function `main':
CheckSymbolExists.c:(.text+0x16): undefined reference to `pthread_create'
collect2: error: ld returned 1 exit status
CMakeFiles/cmTC_5d2fb.dir/build.make:86: recipe for target 'cmTC_5d2fb' failed
make[1]: *** [cmTC_5d2fb] Error 1
make[1]: Leaving directory '/home/workspace/project/LidarClustering/build/CMakeFiles/CMakeTmp'
Makefile:121: recipe for target 'cmTC_5d2fb/fast' failed
make: *** [cmTC_5d2fb/fast] Error 2

File /home/workspace/project/LidarClustering/build/CMakeFiles/CMakeTmp/CheckSymbolExists.c:
/* */
#include <pthread.h>

int main(int argc, char** argv)
{
  (void)argv;
#ifndef pthread_create
  return ((int*)(&pthread_create))[argc];
#else
  (void)argc;
  return 0;
#endif
}

Determining if the function pthread_create exists in the pthreads failed with the following output:
Change Dir: /home/workspace/project/LidarClustering/build/CMakeFiles/CMakeTmp

Run Build Command:"/usr/bin/make" "cmTC_46eee/fast"
/usr/bin/make -f CMakeFiles/cmTC_46eee.dir/build.make CMakeFiles/cmTC_46eee.dir/build
make[1]: Entering directory '/home/workspace/project/LidarClustering/build/CMakeFiles/CMakeTmp'
Building C object CMakeFiles/cmTC_46eee.dir/CheckFunctionExists.c.o
/usr/bin/cc   -DCHECK_FUNCTION_EXISTS=pthread_create   -o CMakeFiles/cmTC_46eee.dir/CheckFunctionExists.c.o   -c /usr/local/share/cmake-3.13/Modules/CheckFunctionExists.c
Linking C executable cmTC_46eee
/usr/local/bin/cmake -E cmake_link_script CMakeFiles/cmTC_46eee.dir/link.txt --verbose=1
/usr/bin/cc  -DCHECK_FUNCTION_EXISTS=pthread_create    -rdynamic CMakeFiles/cmTC_46eee.dir/CheckFunctionExists.c.o  -o cmTC_46eee -lpthreads 
/usr/bin/ld: cannot find -lpthreads
collect2: error: ld returned 1 exit status
CMakeFiles/cmTC_46eee.dir/build.make:86: recipe for target 'cmTC_46eee' failed
make[1]: *** [cmTC_46eee] Error 1
make[1]: Leaving directory '/home/workspace/project/LidarClustering/build/CMakeFiles/CMakeTmp'
Makefile:121: recipe for target 'cmTC_46eee/fast' failed
make: *** [cmTC_46eee/fast] Error 2


